Using pre-set license
Built from '2020.3/release' branch; Version is '2020.3.1f1 (77a89f25062f) revision 7841951'; Using compiler version '192528614'; Build Type 'Release'
OS: 'Windows 10 Home; OS build 19041.985; Version 2004; 64bit' Language: 'en' Physical Memory: 16268 MB
BatchMode: 1, IsHumanControllingUs: 0, StartBugReporterOnCrash: 0, Is64bit: 1, IsPro: 0

 COMMAND LINE ARGUMENTS:
D:\Downloads (D)\Programs\Unity\2020.3.1f1\Editor\Unity.exe
-adb2
-batchMode
-noUpm
-name
AssetImportWorker0
-projectPath
D:/Downloads (D)/Documents/Uni Local/3rd Year/Games/Coursework 2/Coursework 2
-logFile
Logs/AssetImportWorker0.log
-srvPort
59961
Successfully changed project path to: D:/Downloads (D)/Documents/Uni Local/3rd Year/Games/Coursework 2/Coursework 2
D:/Downloads (D)/Documents/Uni Local/3rd Year/Games/Coursework 2/Coursework 2
Using Asset Import Pipeline V2.
Refreshing native plugins compatible for Editor in 39.07 ms, found 0 plugins.
Preloading 0 native plugins for Editor in 0.00 ms.
Initialize engine version: 2020.3.1f1 (77a89f25062f)
[Subsystems] Discovering subsystems at path D:/Downloads (D)/Programs/Unity/2020.3.1f1/Editor/Data/Resources/UnitySubsystems
[Subsystems] Discovering subsystems at path D:/Downloads (D)/Documents/Uni Local/3rd Year/Games/Coursework 2/Coursework 2/Assets
GfxDevice: creating device client; threaded=0
Direct3D:
    Version:  Direct3D 11.0 [level 11.1]
    Renderer: NVIDIA GeForce GTX 1050 Ti (ID=0x1c8c)
    Vendor:   
    VRAM:     4021 MB
    Driver:   27.21.14.6627
Initialize mono
Mono path[0] = 'D:/Downloads (D)/Programs/Unity/2020.3.1f1/Editor/Data/Managed'
Mono path[1] = 'D:/Downloads (D)/Programs/Unity/2020.3.1f1/Editor/Data/MonoBleedingEdge/lib/mono/unityjit'
Mono config path = 'D:/Downloads (D)/Programs/Unity/2020.3.1f1/Editor/Data/MonoBleedingEdge/etc'
Using monoOptions --debugger-agent=transport=dt_socket,embedding=1,server=y,suspend=n,address=127.0.0.1:56184
Begin MonoManager ReloadAssembly
Registering precompiled unity dll's ...
Register platform support module: D:/Downloads (D)/Programs/Unity/2020.3.1f1/Editor/Data/PlaybackEngines/WebGLSupport/UnityEditor.WebGL.Extensions.dll
Register platform support module: D:/Downloads (D)/Programs/Unity/2020.3.1f1/Editor/Data/PlaybackEngines/WindowsStandaloneSupport/UnityEditor.WindowsStandalone.Extensions.dll
Registered in 0.001654 seconds.
Native extension for WindowsStandalone target not found
Native extension for WebGL target not found
Refreshing native plugins compatible for Editor in 37.43 ms, found 0 plugins.
Preloading 0 native plugins for Editor in 0.00 ms.
Invoked RoslynAnalysisRunner static constructor.
RoslynAnalysisRunner will not be running.
RoslynAnalysisRunner has terminated.
Mono: successfully reloaded assembly
- Completed reload, in  1.032 seconds
Platform modules already initialized, skipping
Registering precompiled user dll's ...
Registered in 0.000679 seconds.
Begin MonoManager ReloadAssembly
Native extension for WindowsStandalone target not found
Native extension for WebGL target not found
Refreshing native plugins compatible for Editor in 0.33 ms, found 0 plugins.
Preloading 0 native plugins for Editor in 0.00 ms.
Invoked RoslynAnalysisRunner static constructor.
RoslynAnalysisRunner will not be running.
RoslynAnalysisRunner has terminated.
Mono: successfully reloaded assembly
- Completed reload, in  1.080 seconds
Platform modules already initialized, skipping
========================================================================
Worker process is ready to serve import requests
Launched and connected shader compiler UnityShaderCompiler.exe after 0.05 seconds
Refreshing native plugins compatible for Editor in 0.33 ms, found 0 plugins.
Preloading 0 native plugins for Editor in 0.00 ms.
Unloading 1671 Unused Serialized files (Serialized files now loaded: 0)
System memory in use before: 100.8 MB.
System memory in use after: 100.8 MB.

Unloading 73 unused Assets to reduce memory usage. Loaded Objects now: 2137.
Total: 3.315100 ms (FindLiveObjects: 0.220300 ms CreateObjectMapping: 0.062000 ms MarkObjects: 2.772900 ms  DeleteObjects: 0.258500 ms)

========================================================================
Received Import Request.
  path: Assets/New Lighting Settings.lighting
  artifactKey: Guid(53f18e1f5d418564b98437354aceea76) Importer(815301076,1909f56bfc062723c751e8b465ee728b)
Start importing Assets/New Lighting Settings.lighting using Guid(53f18e1f5d418564b98437354aceea76) Importer(815301076,1909f56bfc062723c751e8b465ee728b) LightingSettings: switching bake backend from 1 to 2.
 -> (artifact id: '8826eb5d7844c3b3706b5ea8f433d61b') in 0.056446 seconds
  Import took 0.060331 seconds .

========================================================================
Received Import Request.
  Time since last request: 24.729888 seconds.
  path: Assets/Prefabs/StatuePodium.prefab
  artifactKey: Guid(4ad80906b7275f74d81e145db1f441c6) Importer(815301076,1909f56bfc062723c751e8b465ee728b)
Start importing Assets/Prefabs/StatuePodium.prefab using Guid(4ad80906b7275f74d81e145db1f441c6) Importer(815301076,1909f56bfc062723c751e8b465ee728b)  -> (artifact id: '866770369862f802e310c3b48a0b06b2') in 0.137259 seconds
  Import took 0.141128 seconds .

========================================================================
Received Import Request.
  Time since last request: 0.003406 seconds.
  path: Assets/Prefabs/StatuePodium.prefab
  artifactKey: Guid(4ad80906b7275f74d81e145db1f441c6) Importer(815301076,1909f56bfc062723c751e8b465ee728b)
Start importing Assets/Prefabs/StatuePodium.prefab using Guid(4ad80906b7275f74d81e145db1f441c6) Importer(815301076,1909f56bfc062723c751e8b465ee728b)  -> (artifact id: '866770369862f802e310c3b48a0b06b2') in 0.024481 seconds
  Import took 0.033144 seconds .

========================================================================
Received Import Request.
  Time since last request: 9.489387 seconds.
  path: Assets/Scenes/Game
  artifactKey: Guid(6bba031803d7a3a48ad85a2de0c32d02) Importer(815301076,1909f56bfc062723c751e8b465ee728b)
Start importing Assets/Scenes/Game using Guid(6bba031803d7a3a48ad85a2de0c32d02) Importer(815301076,1909f56bfc062723c751e8b465ee728b)  -> (artifact id: '44fd666ff691d45bf8c2e3ad4c3915e5') in 0.009328 seconds
  Import took 0.012766 seconds .

AssetImportWorkerClient::OnTransportError - code=2 error=End of file
